<?xml version="1.0" encoding="UTF-8"?>
<coverage generated="1567506390021" clover="3.2.0">
  <project timestamp="1567506390021" name="All files">
    <metrics statements="86" coveredstatements="86" conditionals="16" coveredconditionals="16" methods="31" coveredmethods="31" elements="133" coveredelements="133" complexity="0" loc="86" ncloc="86" packages="3" files="10" classes="10">
      <package name="components">
        <metrics statements="4" coveredstatements="4" conditionals="0" coveredconditionals="0" methods="3" coveredmethods="3"/>
        <file name="messageLog.vue" path="D:\zyr\work\task\demo1\src\components\messageLog.vue">
          <metrics statements="4" coveredstatements="4" conditionals="0" coveredconditionals="0" methods="3" coveredmethods="3"/>
          <line num="12" count="4" type="stmt"/>
          <line num="15" count="8" type="stmt"/>
          <line num="17" count="3" type="stmt"/>
          <line num="21" count="1" type="stmt"/>
        </file>
      </package>
      <package name="store">
        <metrics statements="32" coveredstatements="32" conditionals="4" coveredconditionals="4" methods="3" coveredmethods="3"/>
        <file name="actions.ts" path="D:\zyr\work\task\demo1\src\store\actions.ts">
          <metrics statements="1" coveredstatements="1" conditionals="0" coveredconditionals="0" methods="0" coveredmethods="0"/>
          <line num="5" count="2" type="stmt"/>
        </file>
        <file name="getters.ts" path="D:\zyr\work\task\demo1\src\store\getters.ts">
          <metrics statements="3" coveredstatements="3" conditionals="0" coveredconditionals="0" methods="2" coveredmethods="2"/>
          <line num="5" count="3" type="stmt"/>
          <line num="7" count="1" type="stmt"/>
          <line num="10" count="1" type="stmt"/>
        </file>
        <file name="index.ts" path="D:\zyr\work\task\demo1\src\store\index.ts">
          <metrics statements="8" coveredstatements="8" conditionals="0" coveredconditionals="0" methods="0" coveredmethods="0"/>
          <line num="1" count="2" type="stmt"/>
          <line num="2" count="2" type="stmt"/>
          <line num="3" count="2" type="stmt"/>
          <line num="4" count="2" type="stmt"/>
          <line num="5" count="2" type="stmt"/>
          <line num="6" count="2" type="stmt"/>
          <line num="8" count="2" type="stmt"/>
          <line num="10" count="2" type="stmt"/>
        </file>
        <file name="mutations.ts" path="D:\zyr\work\task\demo1\src\store\mutations.ts">
          <metrics statements="19" coveredstatements="19" conditionals="4" coveredconditionals="4" methods="1" coveredmethods="1"/>
          <line num="4" count="2" type="stmt"/>
          <line num="6" count="2" type="stmt"/>
          <line num="8" count="2" type="stmt"/>
          <line num="9" count="2" type="stmt"/>
          <line num="11" count="1" type="stmt"/>
          <line num="12" count="1" type="stmt"/>
          <line num="15" count="1" type="stmt"/>
          <line num="16" count="1" type="stmt"/>
          <line num="17" count="1" type="stmt"/>
          <line num="18" count="1" type="stmt"/>
          <line num="20" count="2" type="stmt"/>
          <line num="24" count="1" type="stmt"/>
          <line num="25" count="1" type="stmt"/>
          <line num="29" count="1" type="stmt"/>
          <line num="30" count="1" type="stmt"/>
          <line num="34" count="1" type="stmt"/>
          <line num="38" count="2" type="stmt"/>
          <line num="39" count="2" type="cond" truecount="2" falsecount="0"/>
          <line num="40" count="1" type="stmt"/>
        </file>
        <file name="state.ts" path="D:\zyr\work\task\demo1\src\store\state.ts">
          <metrics statements="1" coveredstatements="1" conditionals="0" coveredconditionals="0" methods="0" coveredmethods="0"/>
          <line num="2" count="2" type="stmt"/>
        </file>
      </package>
      <package name="views">
        <metrics statements="50" coveredstatements="50" conditionals="12" coveredconditionals="12" methods="25" coveredmethods="25"/>
        <file name="dashboard.vue" path="D:\zyr\work\task\demo1\src\views\dashboard.vue">
          <metrics statements="26" coveredstatements="26" conditionals="8" coveredconditionals="8" methods="13" coveredmethods="13"/>
          <line num="20" count="1" type="stmt"/>
          <line num="21" count="1" type="stmt"/>
          <line num="37" count="1" type="stmt"/>
          <line num="38" count="1" type="stmt"/>
          <line num="40" count="20" type="stmt"/>
          <line num="42" count="20" type="stmt"/>
          <line num="43" count="20" type="stmt"/>
          <line num="46" count="1" type="stmt"/>
          <line num="47" count="42" type="cond" truecount="2" falsecount="0"/>
          <line num="48" count="2" type="stmt"/>
          <line num="49" count="2" type="stmt"/>
          <line num="50" count="2" type="stmt"/>
          <line num="54" count="4" type="stmt"/>
          <line num="55" count="3" type="cond" truecount="2" falsecount="0"/>
          <line num="56" count="2" type="stmt"/>
          <line num="62" count="1" type="stmt"/>
          <line num="69" count="20" type="cond" truecount="2" falsecount="0"/>
          <line num="70" count="60" type="cond" truecount="2" falsecount="0"/>
          <line num="89" count="2" type="stmt"/>
          <line num="90" count="6" type="stmt"/>
          <line num="93" count="2" type="stmt"/>
          <line num="97" count="20" type="stmt"/>
          <line num="98" count="8" type="stmt"/>
          <line num="100" count="20" type="stmt"/>
          <line num="101" count="20" type="stmt"/>
          <line num="106" count="8" type="stmt"/>
        </file>
        <file name="heroDetail.vue" path="D:\zyr\work\task\demo1\src\views\heroDetail.vue">
          <metrics statements="12" coveredstatements="12" conditionals="4" coveredconditionals="4" methods="6" coveredmethods="6"/>
          <line num="16" count="1" type="stmt"/>
          <line num="17" count="1" type="stmt"/>
          <line num="24" count="1" type="stmt"/>
          <line num="25" count="5" type="stmt"/>
          <line num="28" count="8" type="cond" truecount="2" falsecount="0"/>
          <line num="29" count="9" type="cond" truecount="2" falsecount="0"/>
          <line num="30" count="14" type="stmt"/>
          <line num="31" count="7" type="stmt"/>
          <line num="35" count="1" type="stmt"/>
          <line num="39" count="1" type="stmt"/>
          <line num="40" count="1" type="stmt"/>
          <line num="44" count="5" type="stmt"/>
        </file>
        <file name="heroes.vue" path="D:\zyr\work\task\demo1\src\views\heroes.vue">
          <metrics statements="10" coveredstatements="10" conditionals="0" coveredconditionals="0" methods="6" coveredmethods="6"/>
          <line num="19" count="1" type="stmt"/>
          <line num="20" count="1" type="stmt"/>
          <line num="31" count="1" type="stmt"/>
          <line num="32" count="10" type="stmt"/>
          <line num="35" count="10" type="stmt"/>
          <line num="39" count="1" type="stmt"/>
          <line num="47" count="1" type="stmt"/>
          <line num="53" count="1" type="stmt"/>
          <line num="56" count="1" type="stmt"/>
          <line num="60" count="10" type="stmt"/>
        </file>
        <file name="home.vue" path="D:\zyr\work\task\demo1\src\views\home.vue">
          <metrics statements="2" coveredstatements="2" conditionals="0" coveredconditionals="0" methods="0" coveredmethods="0"/>
          <line num="9" count="1" type="stmt"/>
          <line num="12" count="2" type="stmt"/>
        </file>
      </package>
    </metrics>
  </project>
</coverage>
