{"D:\\zyr\\work\\task\\demo1\\src\\components\\messageLog.vue": {"path":"D:\\zyr\\work\\task\\demo1\\src\\components\\messageLog.vue","statementMap":{"0":{"start":{"line":12,"column":0},"end":{"line":null,"column":-1}},"1":{"start":{"line":15,"column":0},"end":{"line":null,"column":-1}},"2":{"start":{"line":17,"column":0},"end":{"line":null,"column":-1}},"3":{"start":{"line":21,"column":0},"end":{"line":null,"column":-1}}},"fnMap":{"0":{"name":"(anonymous_1)","decl":{"start":{"line":16,"column":0},"end":{"line":null,"column":-1}},"loc":{"start":{"line":16,"column":0},"end":{"line":18,"column":0}}},"1":{"name":"(anonymous_2)","decl":{"start":{"line":20,"column":0},"end":{"line":null,"column":-1}},"loc":{"start":{"line":20,"column":0},"end":{"line":22,"column":0}}},"2":{"name":"(anonymous_3)","decl":{"start":{"line":24,"column":0},"end":{"line":null,"column":-1}},"loc":{"start":{"line":24,"column":0},"end":{"line":null,"column":-1}}}},"branchMap":{},"s":{"0":4,"1":8,"2":3,"3":1},"f":{"0":3,"1":1,"2":3},"b":{}}
,"D:\\zyr\\work\\task\\demo1\\src\\store\\actions.ts": {"path":"D:\\zyr\\work\\task\\demo1\\src\\store\\actions.ts","statementMap":{"0":{"start":{"line":5,"column":49},"end":{"line":5,"column":0}}},"fnMap":{},"branchMap":{},"s":{"0":2},"f":{},"b":{}}
,"D:\\zyr\\work\\task\\demo1\\src\\store\\getters.ts": {"path":"D:\\zyr\\work\\task\\demo1\\src\\store\\getters.ts","statementMap":{"0":{"start":{"line":5,"column":49},"end":{"line":5,"column":0}},"1":{"start":{"line":7,"column":4},"end":{"line":null,"column":-1}},"2":{"start":{"line":10,"column":4},"end":{"line":null,"column":-1}}},"fnMap":{"0":{"name":"(anonymous_0)","decl":{"start":{"line":6,"column":12},"end":{"line":6,"column":10}},"loc":{"start":{"line":6,"column":37},"end":{"line":5,"column":49}}},"1":{"name":"(anonymous_1)","decl":{"start":{"line":9,"column":15},"end":{"line":9,"column":13}},"loc":{"start":{"line":9,"column":40},"end":{"line":11,"column":3}}}},"branchMap":{},"s":{"0":3,"1":1,"2":1},"f":{"0":1,"1":1},"b":{}}
,"D:\\zyr\\work\\task\\demo1\\src\\store\\index.ts": {"path":"D:\\zyr\\work\\task\\demo1\\src\\store\\index.ts","statementMap":{"0":{"start":{"line":1,"column":0},"end":{"line":null,"column":-1}},"1":{"start":{"line":2,"column":0},"end":{"line":null,"column":-1}},"2":{"start":{"line":3,"column":0},"end":{"line":null,"column":-1}},"3":{"start":{"line":4,"column":0},"end":{"line":null,"column":-1}},"4":{"start":{"line":5,"column":0},"end":{"line":null,"column":-1}},"5":{"start":{"line":6,"column":0},"end":{"line":null,"column":-1}},"6":{"start":{"line":8,"column":0},"end":{"line":null,"column":-1}},"7":{"start":{"line":10,"column":26},"end":{"line":10,"column":0}}},"fnMap":{},"branchMap":{},"s":{"0":2,"1":2,"2":2,"3":2,"4":2,"5":2,"6":2,"7":2},"f":{},"b":{}}
,"D:\\zyr\\work\\task\\demo1\\src\\store\\mutations.ts": {"path":"D:\\zyr\\work\\task\\demo1\\src\\store\\mutations.ts","statementMap":{"0":{"start":{"line":4,"column":0},"end":{"line":null,"column":-1}},"1":{"start":{"line":6,"column":48},"end":{"line":6,"column":0}},"2":{"start":{"line":8,"column":19},"end":{"line":8,"column":4}},"3":{"start":{"line":9,"column":4},"end":{"line":null,"column":-1}},"4":{"start":{"line":11,"column":8},"end":{"line":null,"column":-1}},"5":{"start":{"line":12,"column":8},"end":{"line":null,"column":-1}},"6":{"start":{"line":15,"column":26},"end":{"line":15,"column":8}},"7":{"start":{"line":16,"column":26},"end":{"line":16,"column":8}},"8":{"start":{"line":17,"column":8},"end":{"line":null,"column":-1}},"9":{"start":{"line":18,"column":8},"end":{"line":null,"column":-1}},"10":{"start":{"line":20,"column":4},"end":{"line":null,"column":-1}},"11":{"start":{"line":24,"column":4},"end":{"line":null,"column":-1}},"12":{"start":{"line":25,"column":4},"end":{"line":null,"column":-1}},"13":{"start":{"line":29,"column":19},"end":{"line":29,"column":4}},"14":{"start":{"line":30,"column":4},"end":{"line":null,"column":-1}},"15":{"start":{"line":34,"column":4},"end":{"line":null,"column":-1}},"16":{"start":{"line":38,"column":4},"end":{"line":null,"column":-1}},"17":{"start":{"line":39,"column":6},"end":{"line":41,"column":7}},"18":{"start":{"line":40,"column":8},"end":{"line":null,"column":-1}}},"fnMap":{"0":{"name":"(anonymous_0)","decl":{"start":{"line":38,"column":23},"end":{"line":38,"column":24}},"loc":{"start":{"line":38,"column":45},"end":{"line":38,"column":4}}}},"branchMap":{"0":{"loc":{"start":{"line":10,"column":6},"end":{"line":12,"column":8}},"type":"switch","locations":[{"start":{"line":10,"column":6},"end":{"line":12,"column":8}},{"start":{"line":14,"column":6},"end":{"line":18,"column":8}}]},"1":{"loc":{"start":{"line":39,"column":6},"end":{"line":41,"column":7}},"type":"if","locations":[{"start":{"line":39,"column":6},"end":{"line":41,"column":7}},{"start":{"line":39,"column":6},"end":{"line":41,"column":7}}]}},"s":{"0":2,"1":2,"2":2,"3":2,"4":1,"5":1,"6":1,"7":1,"8":1,"9":1,"10":2,"11":1,"12":1,"13":1,"14":1,"15":1,"16":2,"17":2,"18":1},"f":{"0":2},"b":{"0":[1,1],"1":[1,1]}}
,"D:\\zyr\\work\\task\\demo1\\src\\store\\state.ts": {"path":"D:\\zyr\\work\\task\\demo1\\src\\store\\state.ts","statementMap":{"0":{"start":{"line":2,"column":30},"end":{"line":2,"column":0}}},"fnMap":{},"branchMap":{},"s":{"0":2},"f":{},"b":{}}
,"D:\\zyr\\work\\task\\demo1\\src\\views\\dashboard.vue": {"path":"D:\\zyr\\work\\task\\demo1\\src\\views\\dashboard.vue","statementMap":{"0":{"start":{"line":20,"column":0},"end":{"line":null,"column":-1}},"1":{"start":{"line":21,"column":0},"end":{"line":null,"column":-1}},"2":{"start":{"line":37,"column":0},"end":{"line":null,"column":-1}},"3":{"start":{"line":40,"column":0},"end":{"line":null,"column":-1}},"4":{"start":{"line":42,"column":0},"end":{"line":null,"column":-1}},"5":{"start":{"line":43,"column":0},"end":{"line":null,"column":-1}},"6":{"start":{"line":47,"column":0},"end":{"line":null,"column":-1}},"7":{"start":{"line":48,"column":0},"end":{"line":null,"column":-1}},"8":{"start":{"line":49,"column":0},"end":{"line":null,"column":-1}},"9":{"start":{"line":50,"column":0},"end":{"line":null,"column":-1}},"10":{"start":{"line":54,"column":0},"end":{"line":58,"column":0}},"11":{"start":{"line":55,"column":0},"end":{"line":57,"column":0}},"12":{"start":{"line":56,"column":0},"end":{"line":null,"column":-1}},"13":{"start":{"line":62,"column":0},"end":{"line":null,"column":-1}},"14":{"start":{"line":69,"column":0},"end":{"line":null,"column":-1}},"15":{"start":{"line":70,"column":0},"end":{"line":null,"column":-1}},"16":{"start":{"line":89,"column":0},"end":{"line":null,"column":-1}},"17":{"start":{"line":90,"column":0},"end":{"line":null,"column":-1}},"18":{"start":{"line":93,"column":0},"end":{"line":null,"column":-1}},"19":{"start":{"line":97,"column":0},"end":{"line":99,"column":0}},"20":{"start":{"line":98,"column":0},"end":{"line":null,"column":-1}},"21":{"start":{"line":100,"column":0},"end":{"line":102,"column":0}},"22":{"start":{"line":101,"column":0},"end":{"line":null,"column":-1}},"23":{"start":{"line":106,"column":0},"end":{"line":null,"column":-1}},"24":{"start":{"line":38,"column":0},"end":{"line":null,"column":-1}},"25":{"start":{"line":46,"column":0},"end":{"line":45,"column":0}},"26":{"start":{"line":37,"column":0},"end":{"line":32,"column":0}}},"fnMap":{"0":{"name":"(anonymous_1)","decl":{"start":{"line":32,"column":0},"end":{"line":null,"column":-1}},"loc":{"start":{"line":32,"column":0},"end":{"line":108,"column":0}}},"1":{"name":"(anonymous_2)","decl":{"start":{"line":46,"column":0},"end":{"line":null,"column":-1}},"loc":{"start":{"line":46,"column":0},"end":{"line":51,"column":0}}},"2":{"name":"(anonymous_3)","decl":{"start":{"line":53,"column":0},"end":{"line":null,"column":-1}},"loc":{"start":{"line":53,"column":0},"end":{"line":59,"column":0}}},"3":{"name":"(anonymous_4)","decl":{"start":{"line":54,"column":0},"end":{"line":null,"column":-1}},"loc":{"start":{"line":54,"column":0},"end":{"line":58,"column":0}}},"4":{"name":"(anonymous_5)","decl":{"start":{"line":61,"column":0},"end":{"line":null,"column":-1}},"loc":{"start":{"line":61,"column":0},"end":{"line":65,"column":0}}},"5":{"name":"(anonymous_6)","decl":{"start":{"line":67,"column":0},"end":{"line":null,"column":-1}},"loc":{"start":{"line":67,"column":0},"end":{"line":86,"column":0}}},"6":{"name":"(anonymous_7)","decl":{"start":{"line":70,"column":0},"end":{"line":null,"column":-1}},"loc":{"start":{"line":70,"column":0},"end":{"line":null,"column":-1}}},"7":{"name":"(anonymous_8)","decl":{"start":{"line":88,"column":0},"end":{"line":null,"column":-1}},"loc":{"start":{"line":88,"column":0},"end":{"line":94,"column":0}}},"8":{"name":"(anonymous_9)","decl":{"start":{"line":90,"column":0},"end":{"line":null,"column":-1}},"loc":{"start":{"line":90,"column":0},"end":{"line":null,"column":-1}}},"9":{"name":"(anonymous_10)","decl":{"start":{"line":96,"column":0},"end":{"line":null,"column":-1}},"loc":{"start":{"line":96,"column":0},"end":{"line":103,"column":0}}},"10":{"name":"(anonymous_11)","decl":{"start":{"line":97,"column":0},"end":{"line":null,"column":-1}},"loc":{"start":{"line":97,"column":0},"end":{"line":99,"column":0}}},"11":{"name":"(anonymous_12)","decl":{"start":{"line":100,"column":0},"end":{"line":null,"column":-1}},"loc":{"start":{"line":100,"column":0},"end":{"line":102,"column":0}}},"12":{"name":"(anonymous_13)","decl":{"start":{"line":105,"column":0},"end":{"line":null,"column":-1}},"loc":{"start":{"line":105,"column":0},"end":{"line":107,"column":0}}}},"branchMap":{"0":{"loc":{"start":{"line":47,"column":0},"end":{"line":null,"column":-1}},"type":"if","locations":[{"start":{"line":47,"column":0},"end":{"line":null,"column":-1}},{"start":{"line":47,"column":0},"end":{"line":null,"column":-1}}]},"1":{"loc":{"start":{"line":55,"column":0},"end":{"line":57,"column":0}},"type":"if","locations":[{"start":{"line":55,"column":0},"end":{"line":57,"column":0}},{"start":{"line":55,"column":0},"end":{"line":57,"column":0}}]},"2":{"loc":{"start":{"line":69,"column":0},"end":{"line":null,"column":-1}},"type":"binary-expr","locations":[{"start":{"line":69,"column":0},"end":{"line":null,"column":-1}},{"start":{"line":69,"column":0},"end":{"line":null,"column":-1}}]},"3":{"loc":{"start":{"line":70,"column":0},"end":{"line":null,"column":-1}},"type":"binary-expr","locations":[{"start":{"line":70,"column":0},"end":{"line":null,"column":-1}},{"start":{"line":70,"column":0},"end":{"line":null,"column":-1}}]}},"s":{"0":1,"1":1,"2":1,"3":20,"4":20,"5":20,"6":42,"7":2,"8":2,"9":2,"10":4,"11":3,"12":2,"13":1,"14":20,"15":60,"16":2,"17":6,"18":2,"19":20,"20":8,"21":20,"22":20,"23":8,"24":1,"25":1,"26":1},"f":{"0":20,"1":22,"2":4,"3":3,"4":1,"5":20,"6":40,"7":2,"8":4,"9":20,"10":8,"11":20,"12":8},"b":{"0":[20,2],"1":[2,1],"2":[20,1],"3":[40,21]}}
,"D:\\zyr\\work\\task\\demo1\\src\\views\\heroDetail.vue": {"path":"D:\\zyr\\work\\task\\demo1\\src\\views\\heroDetail.vue","statementMap":{"0":{"start":{"line":16,"column":0},"end":{"line":null,"column":-1}},"1":{"start":{"line":17,"column":0},"end":{"line":null,"column":-1}},"2":{"start":{"line":24,"column":0},"end":{"line":null,"column":-1}},"3":{"start":{"line":25,"column":0},"end":{"line":null,"column":-1}},"4":{"start":{"line":28,"column":0},"end":{"line":null,"column":-1}},"5":{"start":{"line":29,"column":0},"end":{"line":null,"column":-1}},"6":{"start":{"line":30,"column":0},"end":{"line":null,"column":-1}},"7":{"start":{"line":31,"column":0},"end":{"line":null,"column":-1}},"8":{"start":{"line":35,"column":0},"end":{"line":null,"column":-1}},"9":{"start":{"line":39,"column":0},"end":{"line":null,"column":-1}},"10":{"start":{"line":40,"column":0},"end":{"line":null,"column":-1}},"11":{"start":{"line":44,"column":0},"end":{"line":null,"column":-1}},"12":{"start":{"line":24,"column":0},"end":{"line":19,"column":0}}},"fnMap":{"0":{"name":"(anonymous_1)","decl":{"start":{"line":19,"column":0},"end":{"line":null,"column":-1}},"loc":{"start":{"line":19,"column":0},"end":{"line":46,"column":0}}},"1":{"name":"(anonymous_2)","decl":{"start":{"line":27,"column":0},"end":{"line":null,"column":-1}},"loc":{"start":{"line":27,"column":0},"end":{"line":32,"column":0}}},"2":{"name":"(anonymous_3)","decl":{"start":{"line":30,"column":0},"end":{"line":null,"column":-1}},"loc":{"start":{"line":30,"column":0},"end":{"line":null,"column":-1}}},"3":{"name":"(anonymous_4)","decl":{"start":{"line":34,"column":0},"end":{"line":null,"column":-1}},"loc":{"start":{"line":34,"column":0},"end":{"line":36,"column":0}}},"4":{"name":"(anonymous_5)","decl":{"start":{"line":38,"column":0},"end":{"line":null,"column":-1}},"loc":{"start":{"line":38,"column":0},"end":{"line":41,"column":0}}},"5":{"name":"(anonymous_6)","decl":{"start":{"line":43,"column":0},"end":{"line":null,"column":-1}},"loc":{"start":{"line":43,"column":0},"end":{"line":45,"column":0}}}},"branchMap":{"0":{"loc":{"start":{"line":28,"column":0},"end":{"line":null,"column":-1}},"type":"binary-expr","locations":[{"start":{"line":28,"column":0},"end":{"line":null,"column":-1}},{"start":{"line":28,"column":0},"end":{"line":null,"column":-1}}]},"1":{"loc":{"start":{"line":29,"column":0},"end":{"line":null,"column":-1}},"type":"if","locations":[{"start":{"line":29,"column":0},"end":{"line":null,"column":-1}},{"start":{"line":29,"column":0},"end":{"line":null,"column":-1}}]}},"s":{"0":1,"1":1,"2":1,"3":5,"4":8,"5":9,"6":14,"7":7,"8":1,"9":1,"10":1,"11":5,"12":1},"f":{"0":5,"1":8,"2":7,"3":1,"4":1,"5":5},"b":{"0":[8,1],"1":[1,7]}}
,"D:\\zyr\\work\\task\\demo1\\src\\views\\heroes.vue": {"path":"D:\\zyr\\work\\task\\demo1\\src\\views\\heroes.vue","statementMap":{"0":{"start":{"line":19,"column":0},"end":{"line":null,"column":-1}},"1":{"start":{"line":20,"column":0},"end":{"line":null,"column":-1}},"2":{"start":{"line":31,"column":0},"end":{"line":null,"column":-1}},"3":{"start":{"line":32,"column":0},"end":{"line":null,"column":-1}},"4":{"start":{"line":35,"column":0},"end":{"line":null,"column":-1}},"5":{"start":{"line":39,"column":0},"end":{"line":null,"column":-1}},"6":{"start":{"line":47,"column":0},"end":{"line":null,"column":-1}},"7":{"start":{"line":53,"column":0},"end":{"line":null,"column":-1}},"8":{"start":{"line":56,"column":0},"end":{"line":null,"column":-1}},"9":{"start":{"line":60,"column":0},"end":{"line":null,"column":-1}},"10":{"start":{"line":31,"column":0},"end":{"line":26,"column":0}}},"fnMap":{"0":{"name":"(anonymous_1)","decl":{"start":{"line":26,"column":0},"end":{"line":null,"column":-1}},"loc":{"start":{"line":26,"column":0},"end":{"line":62,"column":0}}},"1":{"name":"(anonymous_2)","decl":{"start":{"line":34,"column":0},"end":{"line":null,"column":-1}},"loc":{"start":{"line":34,"column":0},"end":{"line":36,"column":0}}},"2":{"name":"(anonymous_3)","decl":{"start":{"line":38,"column":0},"end":{"line":null,"column":-1}},"loc":{"start":{"line":38,"column":0},"end":{"line":44,"column":0}}},"3":{"name":"(anonymous_4)","decl":{"start":{"line":46,"column":0},"end":{"line":null,"column":-1}},"loc":{"start":{"line":46,"column":0},"end":{"line":50,"column":0}}},"4":{"name":"(anonymous_5)","decl":{"start":{"line":52,"column":0},"end":{"line":null,"column":-1}},"loc":{"start":{"line":52,"column":0},"end":{"line":57,"column":0}}},"5":{"name":"(anonymous_6)","decl":{"start":{"line":59,"column":0},"end":{"line":null,"column":-1}},"loc":{"start":{"line":59,"column":0},"end":{"line":61,"column":0}}}},"branchMap":{},"s":{"0":1,"1":1,"2":1,"3":10,"4":10,"5":1,"6":1,"7":1,"8":1,"9":10,"10":1},"f":{"0":10,"1":10,"2":1,"3":1,"4":1,"5":10},"b":{}}
,"D:\\zyr\\work\\task\\demo1\\src\\views\\home.vue": {"path":"D:\\zyr\\work\\task\\demo1\\src\\views\\home.vue","statementMap":{"0":{"start":{"line":9,"column":0},"end":{"line":null,"column":-1}},"1":{"start":{"line":12,"column":0},"end":{"line":null,"column":-1}}},"fnMap":{},"branchMap":{},"s":{"0":1,"1":2},"f":{},"b":{}}
}
