{"D:\\zyr\\work\\task\\demo1\\src\\components\\messageLog.vue": {"path":"D:\\zyr\\work\\task\\demo1\\src\\components\\messageLog.vue","statementMap":{"0":{"start":{"line":12,"column":0},"end":{"line":null,"column":-1}},"1":{"start":{"line":15,"column":0},"end":{"line":null,"column":-1}},"2":{"start":{"line":17,"column":0},"end":{"line":null,"column":-1}},"3":{"start":{"line":21,"column":0},"end":{"line":null,"column":-1}},"4":{"start":{"line":27,"column":0},"end":{"line":null,"column":-1}},"5":{"start":{"line":33,"column":0},"end":{"line":null,"column":-1}}},"fnMap":{"0":{"name":"(anonymous_1)","decl":{"start":{"line":16,"column":0},"end":{"line":null,"column":-1}},"loc":{"start":{"line":16,"column":0},"end":{"line":18,"column":0}}},"1":{"name":"(anonymous_2)","decl":{"start":{"line":20,"column":0},"end":{"line":null,"column":-1}},"loc":{"start":{"line":20,"column":0},"end":{"line":24,"column":0}}},"2":{"name":"(anonymous_3)","decl":{"start":{"line":26,"column":0},"end":{"line":null,"column":-1}},"loc":{"start":{"line":26,"column":0},"end":{"line":30,"column":0}}},"3":{"name":"(anonymous_4)","decl":{"start":{"line":32,"column":0},"end":{"line":null,"column":-1}},"loc":{"start":{"line":32,"column":0},"end":{"line":34,"column":0}}},"4":{"name":"(anonymous_5)","decl":{"start":{"line":36,"column":0},"end":{"line":null,"column":-1}},"loc":{"start":{"line":36,"column":0},"end":{"line":null,"column":-1}}}},"branchMap":{},"s":{"0":1,"1":2,"2":0,"3":0,"4":0,"5":0},"f":{"0":0,"1":0,"2":0,"3":0,"4":0},"b":{}}
,"D:\\zyr\\work\\task\\demo1\\src\\views\\dashboard.vue": {"path":"D:\\zyr\\work\\task\\demo1\\src\\views\\dashboard.vue","statementMap":{"0":{"start":{"line":20,"column":0},"end":{"line":null,"column":-1}},"1":{"start":{"line":21,"column":0},"end":{"line":null,"column":-1}},"2":{"start":{"line":37,"column":0},"end":{"line":null,"column":-1}},"3":{"start":{"line":40,"column":0},"end":{"line":null,"column":-1}},"4":{"start":{"line":42,"column":0},"end":{"line":null,"column":-1}},"5":{"start":{"line":46,"column":0},"end":{"line":null,"column":-1}},"6":{"start":{"line":47,"column":0},"end":{"line":null,"column":-1}},"7":{"start":{"line":48,"column":0},"end":{"line":null,"column":-1}},"8":{"start":{"line":49,"column":0},"end":{"line":null,"column":-1}},"9":{"start":{"line":53,"column":0},"end":{"line":57,"column":0}},"10":{"start":{"line":54,"column":0},"end":{"line":56,"column":0}},"11":{"start":{"line":55,"column":0},"end":{"line":null,"column":-1}},"12":{"start":{"line":61,"column":0},"end":{"line":null,"column":-1}},"13":{"start":{"line":82,"column":0},"end":{"line":null,"column":-1}},"14":{"start":{"line":83,"column":0},"end":{"line":null,"column":-1}},"15":{"start":{"line":87,"column":0},"end":{"line":null,"column":-1}},"16":{"start":{"line":90,"column":0},"end":{"line":null,"column":-1}},"17":{"start":{"line":93,"column":0},"end":{"line":null,"column":-1}},"18":{"start":{"line":97,"column":0},"end":{"line":null,"column":-1}},"19":{"start":{"line":101,"column":0},"end":{"line":null,"column":-1}},"20":{"start":{"line":38,"column":0},"end":{"line":null,"column":-1}},"21":{"start":{"line":45,"column":0},"end":{"line":44,"column":0}},"22":{"start":{"line":37,"column":0},"end":{"line":32,"column":0}}},"fnMap":{"0":{"name":"(anonymous_1)","decl":{"start":{"line":32,"column":0},"end":{"line":null,"column":-1}},"loc":{"start":{"line":32,"column":0},"end":{"line":103,"column":0}}},"1":{"name":"(anonymous_2)","decl":{"start":{"line":45,"column":0},"end":{"line":null,"column":-1}},"loc":{"start":{"line":45,"column":0},"end":{"line":50,"column":0}}},"2":{"name":"(anonymous_3)","decl":{"start":{"line":52,"column":0},"end":{"line":null,"column":-1}},"loc":{"start":{"line":52,"column":0},"end":{"line":58,"column":0}}},"3":{"name":"(anonymous_4)","decl":{"start":{"line":53,"column":0},"end":{"line":null,"column":-1}},"loc":{"start":{"line":53,"column":0},"end":{"line":57,"column":0}}},"4":{"name":"(anonymous_5)","decl":{"start":{"line":60,"column":0},"end":{"line":null,"column":-1}},"loc":{"start":{"line":60,"column":0},"end":{"line":64,"column":0}}},"5":{"name":"(anonymous_6)","decl":{"start":{"line":66,"column":0},"end":{"line":null,"column":-1}},"loc":{"start":{"line":66,"column":0},"end":{"line":84,"column":0}}},"6":{"name":"(anonymous_7)","decl":{"start":{"line":86,"column":0},"end":{"line":null,"column":-1}},"loc":{"start":{"line":86,"column":0},"end":{"line":94,"column":0}}},"7":{"name":"(anonymous_8)","decl":{"start":{"line":90,"column":0},"end":{"line":null,"column":-1}},"loc":{"start":{"line":90,"column":0},"end":{"line":null,"column":-1}}},"8":{"name":"(anonymous_9)","decl":{"start":{"line":96,"column":0},"end":{"line":null,"column":-1}},"loc":{"start":{"line":96,"column":0},"end":{"line":98,"column":0}}},"9":{"name":"(anonymous_10)","decl":{"start":{"line":100,"column":0},"end":{"line":null,"column":-1}},"loc":{"start":{"line":100,"column":0},"end":{"line":102,"column":0}}}},"branchMap":{"0":{"loc":{"start":{"line":46,"column":0},"end":{"line":null,"column":-1}},"type":"if","locations":[{"start":{"line":46,"column":0},"end":{"line":null,"column":-1}},{"start":{"line":46,"column":0},"end":{"line":null,"column":-1}}]},"1":{"loc":{"start":{"line":54,"column":0},"end":{"line":56,"column":0}},"type":"if","locations":[{"start":{"line":54,"column":0},"end":{"line":56,"column":0}},{"start":{"line":54,"column":0},"end":{"line":56,"column":0}}]}},"s":{"0":1,"1":1,"2":1,"3":10,"4":10,"5":20,"6":0,"7":0,"8":0,"9":0,"10":0,"11":0,"12":0,"13":10,"14":10,"15":1,"16":3,"17":1,"18":10,"19":0,"20":1,"21":1,"22":1},"f":{"0":10,"1":10,"2":0,"3":0,"4":0,"5":10,"6":1,"7":2,"8":10,"9":0},"b":{"0":[10,0],"1":[0,0]}}
}
