TN:
SF:D:\zyr\work\task\demo1\src\components\messageLog.vue
FN:16,(anonymous_1)
FN:20,(anonymous_2)
FN:24,(anonymous_3)
FNF:3
FNH:3
FNDA:3,(anonymous_1)
FNDA:1,(anonymous_2)
FNDA:3,(anonymous_3)
DA:12,4
DA:15,8
DA:17,3
DA:21,1
LF:4
LH:4
BRF:0
BRH:0
end_of_record
TN:
SF:D:\zyr\work\task\demo1\src\store\actions.ts
FNF:0
FNH:0
DA:5,2
LF:1
LH:1
BRF:0
BRH:0
end_of_record
TN:
SF:D:\zyr\work\task\demo1\src\store\getters.ts
FN:6,(anonymous_0)
FN:9,(anonymous_1)
FNF:2
FNH:2
FNDA:1,(anonymous_0)
FNDA:1,(anonymous_1)
DA:5,3
DA:7,1
DA:10,1
LF:3
LH:3
BRF:0
BRH:0
end_of_record
TN:
SF:D:\zyr\work\task\demo1\src\store\index.ts
FNF:0
FNH:0
DA:1,2
DA:2,2
DA:3,2
DA:4,2
DA:5,2
DA:6,2
DA:8,2
DA:10,2
LF:8
LH:8
BRF:0
BRH:0
end_of_record
TN:
SF:D:\zyr\work\task\demo1\src\store\mutations.ts
FN:38,(anonymous_0)
FNF:1
FNH:1
FNDA:2,(anonymous_0)
DA:4,2
DA:6,2
DA:8,2
DA:9,2
DA:11,1
DA:12,1
DA:15,1
DA:16,1
DA:17,1
DA:18,1
DA:20,2
DA:24,1
DA:25,1
DA:29,1
DA:30,1
DA:34,1
DA:38,2
DA:39,2
DA:40,1
LF:19
LH:19
BRDA:10,0,0,1
BRDA:10,0,1,1
BRDA:39,1,0,1
BRDA:39,1,1,1
BRF:4
BRH:4
end_of_record
TN:
SF:D:\zyr\work\task\demo1\src\store\state.ts
FNF:0
FNH:0
DA:2,2
LF:1
LH:1
BRF:0
BRH:0
end_of_record
TN:
SF:D:\zyr\work\task\demo1\src\views\dashboard.vue
FN:32,(anonymous_1)
FN:46,(anonymous_2)
FN:53,(anonymous_3)
FN:54,(anonymous_4)
FN:61,(anonymous_5)
FN:67,(anonymous_6)
FN:70,(anonymous_7)
FN:88,(anonymous_8)
FN:90,(anonymous_9)
FN:96,(anonymous_10)
FN:97,(anonymous_11)
FN:100,(anonymous_12)
FN:105,(anonymous_13)
FNF:13
FNH:13
FNDA:20,(anonymous_1)
FNDA:22,(anonymous_2)
FNDA:4,(anonymous_3)
FNDA:3,(anonymous_4)
FNDA:1,(anonymous_5)
FNDA:20,(anonymous_6)
FNDA:40,(anonymous_7)
FNDA:2,(anonymous_8)
FNDA:4,(anonymous_9)
FNDA:20,(anonymous_10)
FNDA:8,(anonymous_11)
FNDA:20,(anonymous_12)
FNDA:8,(anonymous_13)
DA:20,1
DA:21,1
DA:37,1
DA:38,1
DA:40,20
DA:42,20
DA:43,20
DA:46,1
DA:47,42
DA:48,2
DA:49,2
DA:50,2
DA:54,4
DA:55,3
DA:56,2
DA:62,1
DA:69,20
DA:70,60
DA:89,2
DA:90,6
DA:93,2
DA:97,20
DA:98,8
DA:100,20
DA:101,20
DA:106,8
LF:26
LH:26
BRDA:47,0,0,20
BRDA:47,0,1,2
BRDA:55,1,0,2
BRDA:55,1,1,1
BRDA:69,2,0,20
BRDA:69,2,1,1
BRDA:70,3,0,40
BRDA:70,3,1,21
BRF:8
BRH:8
end_of_record
TN:
SF:D:\zyr\work\task\demo1\src\views\heroDetail.vue
FN:19,(anonymous_1)
FN:27,(anonymous_2)
FN:30,(anonymous_3)
FN:34,(anonymous_4)
FN:38,(anonymous_5)
FN:43,(anonymous_6)
FNF:6
FNH:6
FNDA:5,(anonymous_1)
FNDA:8,(anonymous_2)
FNDA:7,(anonymous_3)
FNDA:1,(anonymous_4)
FNDA:1,(anonymous_5)
FNDA:5,(anonymous_6)
DA:16,1
DA:17,1
DA:24,1
DA:25,5
DA:28,8
DA:29,9
DA:30,14
DA:31,7
DA:35,1
DA:39,1
DA:40,1
DA:44,5
LF:12
LH:12
BRDA:28,0,0,8
BRDA:28,0,1,1
BRDA:29,1,0,1
BRDA:29,1,1,7
BRF:4
BRH:4
end_of_record
TN:
SF:D:\zyr\work\task\demo1\src\views\heroes.vue
FN:26,(anonymous_1)
FN:34,(anonymous_2)
FN:38,(anonymous_3)
FN:46,(anonymous_4)
FN:52,(anonymous_5)
FN:59,(anonymous_6)
FNF:6
FNH:6
FNDA:10,(anonymous_1)
FNDA:10,(anonymous_2)
FNDA:1,(anonymous_3)
FNDA:1,(anonymous_4)
FNDA:1,(anonymous_5)
FNDA:10,(anonymous_6)
DA:19,1
DA:20,1
DA:31,1
DA:32,10
DA:35,10
DA:39,1
DA:47,1
DA:53,1
DA:56,1
DA:60,10
LF:10
LH:10
BRF:0
BRH:0
end_of_record
TN:
SF:D:\zyr\work\task\demo1\src\views\home.vue
FNF:0
FNH:0
DA:9,1
DA:12,2
LF:2
LH:2
BRF:0
BRH:0
end_of_record
