TN:
SF:D:\zyr\work\task\demo1\src\components\messageLog.vue
FN:16,(anonymous_1)
FN:20,(anonymous_2)
FN:26,(anonymous_3)
FN:32,(anonymous_4)
FN:36,(anonymous_5)
FNF:5
FNH:0
FNDA:0,(anonymous_1)
FNDA:0,(anonymous_2)
FNDA:0,(anonymous_3)
FNDA:0,(anonymous_4)
FNDA:0,(anonymous_5)
DA:12,1
DA:15,2
DA:17,0
DA:21,0
DA:27,0
DA:33,0
LF:6
LH:2
BRF:0
BRH:0
end_of_record
TN:
SF:D:\zyr\work\task\demo1\src\views\dashboard.vue
FN:32,(anonymous_1)
FN:45,(anonymous_2)
FN:52,(anonymous_3)
FN:53,(anonymous_4)
FN:60,(anonymous_5)
FN:66,(anonymous_6)
FN:86,(anonymous_7)
FN:90,(anonymous_8)
FN:96,(anonymous_9)
FN:100,(anonymous_10)
FNF:10
FNH:6
FNDA:10,(anonymous_1)
FNDA:10,(anonymous_2)
FNDA:0,(anonymous_3)
FNDA:0,(anonymous_4)
FNDA:0,(anonymous_5)
FNDA:10,(anonymous_6)
FNDA:1,(anonymous_7)
FNDA:2,(anonymous_8)
FNDA:10,(anonymous_9)
FNDA:0,(anonymous_10)
DA:20,1
DA:21,1
DA:37,1
DA:38,1
DA:40,10
DA:42,10
DA:45,1
DA:46,20
DA:47,0
DA:48,0
DA:49,0
DA:53,0
DA:54,0
DA:55,0
DA:61,0
DA:82,10
DA:83,10
DA:87,1
DA:90,3
DA:93,1
DA:97,10
DA:101,0
LF:22
LH:14
BRDA:46,0,0,10
BRDA:46,0,1,0
BRDA:54,1,0,0
BRDA:54,1,1,0
BRF:4
BRH:1
end_of_record
